# JRE version: OpenJDK Runtime Environment (8.0_242-b01) (build 1.8.0_242-release-1644-b01)
# Java VM: OpenJDK 64-Bit Server VM (25.242-b01 mixed mode windows-amd64 compressed oops)
Heap:
 PSYoungGen      total 615424K, used 147634K [0x00000000d5580000, 0x0000000100000000, 0x0000000100000000)
  eden space 564224K, 22% used [0x00000000d5580000,0x00000000dd0d2cd0,0x00000000f7c80000)
  from space 51200K, 41% used [0x00000000f7c80000,0x00000000f9159eb8,0x00000000fae80000)
  to   space 48640K, 0% used [0x00000000fd080000,0x00000000fd080000,0x0000000100000000)
 ParOldGen       total 274944K, used 147384K [0x0000000080000000, 0x0000000090c80000, 0x00000000d5580000)
  object space 274944K, 53% used [0x0000000080000000,0x0000000088fee2a0,0x0000000090c80000)
 Metaspace       used 106907K, capacity 113286K, committed 113472K, reserved 1146880K
  class space    used 14150K, capacity 15392K, committed 15488K, reserved 1048576K
GC Heap History (10 events):
Event: 2195.261 GC heap before
{Heap before GC invocations=29 (full 4):
 PSYoungGen      total 463872K, used 433722K [0x00000000d5580000, 0x00000000f4a80000, 0x0000000100000000)
  eden space 422912K, 100% used [0x00000000d5580000,0x00000000ef280000,0x00000000ef280000)
  from space 40960K, 26% used [0x00000000f2280000,0x00000000f2d0ea30,0x00000000f4a80000)
  to   space 45056K, 0% used [0x00000000ef280000,0x00000000ef280000,0x00000000f1e80000)
 ParOldGen       total 274944K, used 82006K [0x0000000080000000, 0x0000000090c80000, 0x00000000d5580000)
  object space 274944K, 29% used [0x0000000080000000,0x0000000085015830,0x0000000090c80000)
 Metaspace       used 94784K, capacity 99174K, committed 101696K, reserved 1136640K
  class space    used 12520K, capacity 13434K, committed 13952K, reserved 1048576K
Event: 2195.401 GC heap after
Heap after GC invocations=29 (full 4):
 PSYoungGen      total 467968K, used 32466K [0x00000000d5580000, 0x00000000f9e00000, 0x0000000100000000)
  eden space 422912K, 0% used [0x00000000d5580000,0x00000000d5580000,0x00000000ef280000)
  from space 45056K, 72% used [0x00000000ef280000,0x00000000f1234a48,0x00000000f1e80000)
  to   space 48128K, 0% used [0x00000000f6f00000,0x00000000f6f00000,0x00000000f9e00000)
 ParOldGen       total 274944K, used 90122K [0x0000000080000000, 0x0000000090c80000, 0x00000000d5580000)
  object space 274944K, 32% used [0x0000000080000000,0x0000000085802b28,0x0000000090c80000)
 Metaspace       used 94784K, capacity 99174K, committed 101696K, reserved 1136640K
  class space    used 12520K, capacity 13434K, committed 13952K, reserved 1048576K
}
Event: 2198.772 GC heap before
{Heap before GC invocations=30 (full 4):
 PSYoungGen      total 467968K, used 455378K [0x00000000d5580000, 0x00000000f9e00000, 0x0000000100000000)
  eden space 422912K, 100% used [0x00000000d5580000,0x00000000ef280000,0x00000000ef280000)
  from space 45056K, 72% used [0x00000000ef280000,0x00000000f1234a48,0x00000000f1e80000)
  to   space 48128K, 0% used [0x00000000f6f00000,0x00000000f6f00000,0x00000000f9e00000)
 ParOldGen       total 274944K, used 90122K [0x0000000080000000, 0x0000000090c80000, 0x00000000d5580000)
  object space 274944K, 32% used [0x0000000080000000,0x0000000085802b28,0x0000000090c80000)
 Metaspace       used 94882K, capacity 99194K, committed 101696K, reserved 1136640K
  class space    used 12524K, capacity 13436K, committed 13952K, reserved 1048576K
Event: 2198.803 GC heap after
Heap after GC invocations=30 (full 4):
 PSYoungGen      total 535040K, used 24098K [0x00000000d5580000, 0x00000000f9600000, 0x0000000100000000)
  eden space 495104K, 0% used [0x00000000d5580000,0x00000000d5580000,0x00000000f3900000)
  from space 39936K, 60% used [0x00000000f6f00000,0x00000000f8688a98,0x00000000f9600000)
  to   space 47616K, 0% used [0x00000000f3900000,0x00000000f3900000,0x00000000f6780000)
 ParOldGen       total 274944K, used 95134K [0x0000000080000000, 0x0000000090c80000, 0x00000000d5580000)
  object space 274944K, 34% used [0x0000000080000000,0x0000000085ce79a0,0x0000000090c80000)
 Metaspace       used 94882K, capacity 99194K, committed 101696K, reserved 1136640K
  class space    used 12524K, capacity 13436K, committed 13952K, reserved 1048576K
}
Event: 2228.790 GC heap before
{Heap before GC invocations=31 (full 4):
 PSYoungGen      total 535040K, used 519202K [0x00000000d5580000, 0x00000000f9600000, 0x0000000100000000)
  eden space 495104K, 100% used [0x00000000d5580000,0x00000000f3900000,0x00000000f3900000)
  from space 39936K, 60% used [0x00000000f6f00000,0x00000000f8688a98,0x00000000f9600000)
  to   space 47616K, 0% used [0x00000000f3900000,0x00000000f3900000,0x00000000f6780000)
 ParOldGen       total 274944K, used 95134K [0x0000000080000000, 0x0000000090c80000, 0x00000000d5580000)
  object space 274944K, 34% used [0x0000000080000000,0x0000000085ce79a0,0x0000000090c80000)
 Metaspace       used 97320K, capacity 102076K, committed 103616K, reserved 1138688K
  class space    used 12788K, capacity 13791K, committed 14080K, reserved 1048576K
Event: 2228.852 GC heap after
Heap after GC invocations=31 (full 4):
 PSYoungGen      total 542720K, used 20017K [0x00000000d5580000, 0x00000000fdb00000, 0x0000000100000000)
  eden space 495104K, 0% used [0x00000000d5580000,0x00000000d5580000,0x00000000f3900000)
  from space 47616K, 42% used [0x00000000f3900000,0x00000000f4c8c660,0x00000000f6780000)
  to   space 45568K, 0% used [0x00000000fae80000,0x00000000fae80000,0x00000000fdb00000)
 ParOldGen       total 274944K, used 98648K [0x0000000080000000, 0x0000000090c80000, 0x00000000d5580000)
  object space 274944K, 35% used [0x0000000080000000,0x0000000086056080,0x0000000090c80000)
 Metaspace       used 97320K, capacity 102076K, committed 103616K, reserved 1138688K
  class space    used 12788K, capacity 13791K, committed 14080K, reserved 1048576K
}
Event: 2234.937 GC heap before
{Heap before GC invocations=32 (full 4):
 PSYoungGen      total 542720K, used 515121K [0x00000000d5580000, 0x00000000fdb00000, 0x0000000100000000)
  eden space 495104K, 100% used [0x00000000d5580000,0x00000000f3900000,0x00000000f3900000)
  from space 47616K, 42% used [0x00000000f3900000,0x00000000f4c8c660,0x00000000f6780000)
  to   space 45568K, 0% used [0x00000000fae80000,0x00000000fae80000,0x00000000fdb00000)
 ParOldGen       total 274944K, used 99230K [0x0000000080000000, 0x0000000090c80000, 0x00000000d5580000)
  object space 274944K, 36% used [0x0000000080000000,0x00000000860e7940,0x0000000090c80000)
 Metaspace       used 105459K, capacity 111708K, committed 111808K, reserved 1146880K
  class space    used 14099K, capacity 15311K, committed 15360K, reserved 1048576K
Event: 2235.462 GC heap after
Heap after GC invocations=32 (full 4):
 PSYoungGen      total 609792K, used 41569K [0x00000000d5580000, 0x00000000fef00000, 0x0000000100000000)
  eden space 564224K, 0% used [0x00000000d5580000,0x00000000d5580000,0x00000000f7c80000)
  from space 45568K, 91% used [0x00000000fae80000,0x00000000fd718508,0x00000000fdb00000)
  to   space 51200K, 0% used [0x00000000f7c80000,0x00000000f7c80000,0x00000000fae80000)
 ParOldGen       total 274944K, used 116603K [0x0000000080000000, 0x0000000090c80000, 0x00000000d5580000)
  object space 274944K, 42% used [0x0000000080000000,0x00000000871dece0,0x0000000090c80000)
 Metaspace       used 105459K, capacity 111708K, committed 111808K, reserved 1146880K
  class space    used 14099K, capacity 15311K, committed 15360K, reserved 1048576K
}
Event: 2239.051 GC heap before
{Heap before GC invocations=33 (full 4):
 PSYoungGen      total 609792K, used 605793K [0x00000000d5580000, 0x00000000fef00000, 0x0000000100000000)
  eden space 564224K, 100% used [0x00000000d5580000,0x00000000f7c80000,0x00000000f7c80000)
  from space 45568K, 91% used [0x00000000fae80000,0x00000000fd718508,0x00000000fdb00000)
  to   space 51200K, 0% used [0x00000000f7c80000,0x00000000f7c80000,0x00000000fae80000)
 ParOldGen       total 274944K, used 116605K [0x0000000080000000, 0x0000000090c80000, 0x00000000d5580000)
  object space 274944K, 42% used [0x0000000080000000,0x00000000871df5b8,0x0000000090c80000)
 Metaspace       used 106722K, capacity 113122K, committed 113472K, reserved 1146880K
  class space    used 14150K, capacity 15392K, committed 15488K, reserved 1048576K
Event: 2239.310 GC heap after
Heap after GC invocations=33 (full 4):
 PSYoungGen      total 615424K, used 21351K [0x00000000d5580000, 0x0000000100000000, 0x0000000100000000)
  eden space 564224K, 0% used [0x00000000d5580000,0x00000000d5580000,0x00000000f7c80000)
  from space 51200K, 41% used [0x00000000f7c80000,0x00000000f9159eb8,0x00000000fae80000)
  to   space 48640K, 0% used [0x00000000fd080000,0x00000000fd080000,0x0000000100000000)
 ParOldGen       total 274944K, used 147384K [0x0000000080000000, 0x0000000090c80000, 0x00000000d5580000)
  object space 274944K, 53% used [0x0000000080000000,0x0000000088fee2a0,0x0000000090c80000)
 Metaspace       used 106722K, capacity 113122K, committed 113472K, reserved 1146880K
  class space    used 14150K, capacity 15392K, committed 15488K, reserved 1048576K
}

