# JRE version: OpenJDK Runtime Environment (8.0_242-b01) (build 1.8.0_242-release-1644-b01)
# Java VM: OpenJDK 64-Bit Server VM (25.242-b01 mixed mode windows-amd64 compressed oops)
Heap:
 PSYoungGen      total 556032K, used 61418K [0x00000000d5580000, 0x00000000fa600000, 0x0000000100000000)
  eden space 505344K, 10% used [0x00000000d5580000,0x00000000d88ce250,0x00000000f4300000)
  from space 50688K, 17% used [0x00000000f4300000,0x00000000f4bac5e8,0x00000000f7480000)
  to   space 43520K, 0% used [0x00000000f7b80000,0x00000000f7b80000,0x00000000fa600000)
 ParOldGen       total 406528K, used 208716K [0x0000000080000000, 0x0000000098d00000, 0x00000000d5580000)
  object space 406528K, 51% used [0x0000000080000000,0x000000008cbd3290,0x0000000098d00000)
 Metaspace       used 86822K, capacity 91382K, committed 91928K, reserved 1128448K
  class space    used 11766K, capacity 12630K, committed 12840K, reserved 1048576K
GC Heap History (10 events):
Event: 28.623 GC heap before
{Heap before GC invocations=31 (full 4):
 PSYoungGen      total 486400K, used 451880K [0x00000000d5580000, 0x00000000f7800000, 0x0000000100000000)
  eden space 428544K, 100% used [0x00000000d5580000,0x00000000ef800000,0x00000000ef800000)
  from space 57856K, 40% used [0x00000000f2e80000,0x00000000f454a3b0,0x00000000f6700000)
  to   space 55808K, 0% used [0x00000000ef800000,0x00000000ef800000,0x00000000f2e80000)
 ParOldGen       total 406528K, used 167991K [0x0000000080000000, 0x0000000098d00000, 0x00000000d5580000)
  object space 406528K, 41% used [0x0000000080000000,0x000000008a40df78,0x0000000098d00000)
 Metaspace       used 86546K, capacity 91156K, committed 91928K, reserved 1128448K
  class space    used 11766K, capacity 12629K, committed 12840K, reserved 1048576K
Event: 28.658 GC heap after
Heap after GC invocations=31 (full 4):
 PSYoungGen      total 484352K, used 21693K [0x00000000d5580000, 0x00000000faf00000, 0x0000000100000000)
  eden space 428544K, 0% used [0x00000000d5580000,0x00000000d5580000,0x00000000ef800000)
  from space 55808K, 38% used [0x00000000ef800000,0x00000000f0d2f558,0x00000000f2e80000)
  to   space 52736K, 0% used [0x00000000f7b80000,0x00000000f7b80000,0x00000000faf00000)
 ParOldGen       total 406528K, used 173348K [0x0000000080000000, 0x0000000098d00000, 0x00000000d5580000)
  object space 406528K, 42% used [0x0000000080000000,0x000000008a949300,0x0000000098d00000)
 Metaspace       used 86546K, capacity 91156K, committed 91928K, reserved 1128448K
  class space    used 11766K, capacity 12629K, committed 12840K, reserved 1048576K
}
Event: 30.529 GC heap before
{Heap before GC invocations=32 (full 4):
 PSYoungGen      total 484352K, used 450237K [0x00000000d5580000, 0x00000000faf00000, 0x0000000100000000)
  eden space 428544K, 100% used [0x00000000d5580000,0x00000000ef800000,0x00000000ef800000)
  from space 55808K, 38% used [0x00000000ef800000,0x00000000f0d2f558,0x00000000f2e80000)
  to   space 52736K, 0% used [0x00000000f7b80000,0x00000000f7b80000,0x00000000faf00000)
 ParOldGen       total 406528K, used 173348K [0x0000000080000000, 0x0000000098d00000, 0x00000000d5580000)
  object space 406528K, 42% used [0x0000000080000000,0x000000008a949300,0x0000000098d00000)
 Metaspace       used 86676K, capacity 91300K, committed 91928K, reserved 1128448K
  class space    used 11766K, capacity 12629K, committed 12840K, reserved 1048576K
Event: 30.588 GC heap after
Heap after GC invocations=32 (full 4):
 PSYoungGen      total 548864K, used 13168K [0x00000000d5580000, 0x00000000fa600000, 0x0000000100000000)
  eden space 505344K, 0% used [0x00000000d5580000,0x00000000d5580000,0x00000000f4300000)
  from space 43520K, 30% used [0x00000000f7b80000,0x00000000f885c078,0x00000000fa600000)
  to   space 50688K, 0% used [0x00000000f4300000,0x00000000f4300000,0x00000000f7480000)
 ParOldGen       total 406528K, used 185011K [0x0000000080000000, 0x0000000098d00000, 0x00000000d5580000)
  object space 406528K, 45% used [0x0000000080000000,0x000000008b4acf80,0x0000000098d00000)
 Metaspace       used 86676K, capacity 91300K, committed 91928K, reserved 1128448K
  class space    used 11766K, capacity 12629K, committed 12840K, reserved 1048576K
}
Event: 31.307 GC heap before
{Heap before GC invocations=33 (full 4):
 PSYoungGen      total 548864K, used 518512K [0x00000000d5580000, 0x00000000fa600000, 0x0000000100000000)
  eden space 505344K, 100% used [0x00000000d5580000,0x00000000f4300000,0x00000000f4300000)
  from space 43520K, 30% used [0x00000000f7b80000,0x00000000f885c078,0x00000000fa600000)
  to   space 50688K, 0% used [0x00000000f4300000,0x00000000f4300000,0x00000000f7480000)
 ParOldGen       total 406528K, used 185011K [0x0000000080000000, 0x0000000098d00000, 0x00000000d5580000)
  object space 406528K, 45% used [0x0000000080000000,0x000000008b4acf80,0x0000000098d00000)
 Metaspace       used 86749K, capacity 91368K, committed 91928K, reserved 1128448K
  class space    used 11766K, capacity 12629K, committed 12840K, reserved 1048576K
Event: 31.333 GC heap after
Heap after GC invocations=33 (full 4):
 PSYoungGen      total 556032K, used 10069K [0x00000000d5580000, 0x00000000fa600000, 0x0000000100000000)
  eden space 505344K, 0% used [0x00000000d5580000,0x00000000d5580000,0x00000000f4300000)
  from space 50688K, 19% used [0x00000000f4300000,0x00000000f4cd5680,0x00000000f7480000)
  to   space 43520K, 0% used [0x00000000f7b80000,0x00000000f7b80000,0x00000000fa600000)
 ParOldGen       total 406528K, used 191907K [0x0000000080000000, 0x0000000098d00000, 0x00000000d5580000)
  object space 406528K, 47% used [0x0000000080000000,0x000000008bb68df8,0x0000000098d00000)
 Metaspace       used 86749K, capacity 91368K, committed 91928K, reserved 1128448K
  class space    used 11766K, capacity 12629K, committed 12840K, reserved 1048576K
}
Event: 32.147 GC heap before
{Heap before GC invocations=34 (full 4):
 PSYoungGen      total 556032K, used 515413K [0x00000000d5580000, 0x00000000fa600000, 0x0000000100000000)
  eden space 505344K, 100% used [0x00000000d5580000,0x00000000f4300000,0x00000000f4300000)
  from space 50688K, 19% used [0x00000000f4300000,0x00000000f4cd5680,0x00000000f7480000)
  to   space 43520K, 0% used [0x00000000f7b80000,0x00000000f7b80000,0x00000000fa600000)
 ParOldGen       total 406528K, used 191907K [0x0000000080000000, 0x0000000098d00000, 0x00000000d5580000)
  object space 406528K, 47% used [0x0000000080000000,0x000000008bb68df8,0x0000000098d00000)
 Metaspace       used 86779K, capacity 91382K, committed 91928K, reserved 1128448K
  class space    used 11766K, capacity 12630K, committed 12840K, reserved 1048576K
Event: 32.171 GC heap after
Heap after GC invocations=34 (full 4):
 PSYoungGen      total 548864K, used 9854K [0x00000000d5580000, 0x00000000fa600000, 0x0000000100000000)
  eden space 505344K, 0% used [0x00000000d5580000,0x00000000d5580000,0x00000000f4300000)
  from space 43520K, 22% used [0x00000000f7b80000,0x00000000f851f888,0x00000000fa600000)
  to   space 50688K, 0% used [0x00000000f4300000,0x00000000f4300000,0x00000000f7480000)
 ParOldGen       total 406528K, used 200366K [0x0000000080000000, 0x0000000098d00000, 0x00000000d5580000)
  object space 406528K, 49% used [0x0000000080000000,0x000000008c3abb38,0x0000000098d00000)
 Metaspace       used 86779K, capacity 91382K, committed 91928K, reserved 1128448K
  class space    used 11766K, capacity 12630K, committed 12840K, reserved 1048576K
}
Event: 33.027 GC heap before
{Heap before GC invocations=35 (full 4):
 PSYoungGen      total 548864K, used 515198K [0x00000000d5580000, 0x00000000fa600000, 0x0000000100000000)
  eden space 505344K, 100% used [0x00000000d5580000,0x00000000f4300000,0x00000000f4300000)
  from space 43520K, 22% used [0x00000000f7b80000,0x00000000f851f888,0x00000000fa600000)
  to   space 50688K, 0% used [0x00000000f4300000,0x00000000f4300000,0x00000000f7480000)
 ParOldGen       total 406528K, used 200366K [0x0000000080000000, 0x0000000098d00000, 0x00000000d5580000)
  object space 406528K, 49% used [0x0000000080000000,0x000000008c3abb38,0x0000000098d00000)
 Metaspace       used 86809K, capacity 91382K, committed 91928K, reserved 1128448K
  class space    used 11766K, capacity 12630K, committed 12840K, reserved 1048576K
Event: 33.048 GC heap after
Heap after GC invocations=35 (full 4):
 PSYoungGen      total 556032K, used 8881K [0x00000000d5580000, 0x00000000fa600000, 0x0000000100000000)
  eden space 505344K, 0% used [0x00000000d5580000,0x00000000d5580000,0x00000000f4300000)
  from space 50688K, 17% used [0x00000000f4300000,0x00000000f4bac5e8,0x00000000f7480000)
  to   space 43520K, 0% used [0x00000000f7b80000,0x00000000f7b80000,0x00000000fa600000)
 ParOldGen       total 406528K, used 208716K [0x0000000080000000, 0x0000000098d00000, 0x00000000d5580000)
  object space 406528K, 51% used [0x0000000080000000,0x000000008cbd3290,0x0000000098d00000)
 Metaspace       used 86809K, capacity 91382K, committed 91928K, reserved 1128448K
  class space    used 11766K, capacity 12630K, committed 12840K, reserved 1048576K
}

